<?xml version="1.0" encoding="UTF-8"?>
<!-- Generated by org.testng.reporters.JUnitXMLReporter -->
<testsuite hostname="moxbook.local" name="Command line test" tests="6" failures="0" timestamp="25 Oct 2012 09:25:10 GMT" time="4.301" errors="0">
  <testcase name="testConfiguration" time="0.0040" classname="com.collective.usertests.persistence.configuration.ConfigurationManagerTestCase"/>
  <testcase name="shouldTestCRUD" time="3.194" classname="com.collective.usertests.persistence.dao.ReasonDaoTestCase"/>
  <testcase name="shouldTestSelectAll" time="0.027" classname="com.collective.usertests.persistence.dao.ReasonDaoTestCase"/>
  <testcase name="getAllUserFeedbackByUserId" time="0.753" classname="com.collective.usertests.persistence.dao.UserFeedbackTestCase"/>
  <testcase name="shouldTestCRUD" time="0.126" classname="com.collective.usertests.persistence.dao.UserFeedbackTestCase"/>
  <testcase name="shouldTestIncompleteObjectInsert" time="0.11" classname="com.collective.usertests.persistence.dao.UserFeedbackTestCase"/>
</testsuite>
