<?xml version="1.0" encoding="UTF-8"?>
<testng-results skipped="0" failed="0" total="6" passed="6">
  <reporter-output>
  </reporter-output>
  <suite name="Command line suite" duration-ms="4301" started-at="2012-10-25T11:25:05Z" finished-at="2012-10-25T11:25:10Z">
    <groups>
    </groups>
    <test name="Command line test" duration-ms="4301" started-at="2012-10-25T11:25:05Z" finished-at="2012-10-25T11:25:10Z">
      <class name="com.collective.usertests.persistence.dao.UserFeedbackTestCase">
        <test-method status="PASS" signature="setUp()[pri:0, instance:com.collective.usertests.persistence.dao.UserFeedbackTestCase@39e4853f]" name="setUp" is-config="true" duration-ms="0" started-at="2012-10-25T11:25:09Z" finished-at="2012-10-25T11:25:09Z">
        </test-method>
        <test-method status="PASS" signature="setUpBefore()[pri:0, instance:com.collective.usertests.persistence.dao.UserFeedbackTestCase@39e4853f]" name="setUpBefore" is-config="true" duration-ms="1" started-at="2012-10-25T11:25:09Z" finished-at="2012-10-25T11:25:09Z">
        </test-method>
        <test-method status="PASS" signature="getAllUserFeedbackByUserId()[pri:0, instance:com.collective.usertests.persistence.dao.UserFeedbackTestCase@39e4853f]" name="getAllUserFeedbackByUserId" duration-ms="753" started-at="2012-10-25T11:25:09Z" finished-at="2012-10-25T11:25:09Z">
        </test-method>
        <test-method status="PASS" signature="shouldTestCRUD()[pri:0, instance:com.collective.usertests.persistence.dao.UserFeedbackTestCase@39e4853f]" name="shouldTestCRUD" duration-ms="126" started-at="2012-10-25T11:25:09Z" finished-at="2012-10-25T11:25:09Z">
        </test-method>
        <test-method status="PASS" signature="shouldTestIncompleteObjectInsert()[pri:0, instance:com.collective.usertests.persistence.dao.UserFeedbackTestCase@39e4853f]" name="shouldTestIncompleteObjectInsert" duration-ms="110" started-at="2012-10-25T11:25:09Z" finished-at="2012-10-25T11:25:10Z">
        </test-method>
        <test-method status="PASS" signature="tearDown()[pri:0, instance:com.collective.usertests.persistence.dao.UserFeedbackTestCase@39e4853f]" name="tearDown" is-config="true" duration-ms="0" started-at="2012-10-25T11:25:10Z" finished-at="2012-10-25T11:25:10Z">
        </test-method>
        <test-method status="PASS" signature="tearDownAfter()[pri:0, instance:com.collective.usertests.persistence.dao.UserFeedbackTestCase@39e4853f]" name="tearDownAfter" is-config="true" duration-ms="0" started-at="2012-10-25T11:25:10Z" finished-at="2012-10-25T11:25:10Z">
        </test-method>
      </class>
      <class name="com.collective.usertests.persistence.dao.ReasonDaoTestCase">
        <test-method status="PASS" signature="setUp()[pri:0, instance:com.collective.usertests.persistence.dao.ReasonDaoTestCase@49e808ca]" name="setUp" is-config="true" duration-ms="1" started-at="2012-10-25T11:25:05Z" finished-at="2012-10-25T11:25:05Z">
        </test-method>
        <test-method status="PASS" signature="setUpBefore()[pri:0, instance:com.collective.usertests.persistence.dao.ReasonDaoTestCase@49e808ca]" name="setUpBefore" is-config="true" duration-ms="2" started-at="2012-10-25T11:25:05Z" finished-at="2012-10-25T11:25:05Z">
        </test-method>
        <test-method status="PASS" signature="shouldTestCRUD()[pri:0, instance:com.collective.usertests.persistence.dao.ReasonDaoTestCase@49e808ca]" name="shouldTestCRUD" duration-ms="3194" started-at="2012-10-25T11:25:05Z" finished-at="2012-10-25T11:25:09Z">
        </test-method>
        <test-method status="PASS" signature="shouldTestSelectAll()[pri:0, instance:com.collective.usertests.persistence.dao.ReasonDaoTestCase@49e808ca]" name="shouldTestSelectAll" duration-ms="27" started-at="2012-10-25T11:25:09Z" finished-at="2012-10-25T11:25:09Z">
        </test-method>
        <test-method status="PASS" signature="tearDownAfter()[pri:0, instance:com.collective.usertests.persistence.dao.ReasonDaoTestCase@49e808ca]" name="tearDownAfter" is-config="true" duration-ms="0" started-at="2012-10-25T11:25:09Z" finished-at="2012-10-25T11:25:09Z">
        </test-method>
        <test-method status="PASS" signature="tearDown()[pri:0, instance:com.collective.usertests.persistence.dao.ReasonDaoTestCase@49e808ca]" name="tearDown" is-config="true" duration-ms="1" started-at="2012-10-25T11:25:09Z" finished-at="2012-10-25T11:25:09Z">
        </test-method>
      </class>
      <class name="com.collective.usertests.persistence.configuration.ConfigurationManagerTestCase">
        <test-method status="PASS" signature="setUp()[pri:0, instance:com.collective.usertests.persistence.configuration.ConfigurationManagerTestCase@5a676437]" name="setUp" is-config="true" duration-ms="11" started-at="2012-10-25T11:25:05Z" finished-at="2012-10-25T11:25:05Z">
        </test-method>
        <test-method status="PASS" signature="testConfiguration()[pri:0, instance:com.collective.usertests.persistence.configuration.ConfigurationManagerTestCase@5a676437]" name="testConfiguration" duration-ms="4" started-at="2012-10-25T11:25:05Z" finished-at="2012-10-25T11:25:05Z">
        </test-method>
        <test-method status="PASS" signature="tearDown()[pri:0, instance:com.collective.usertests.persistence.configuration.ConfigurationManagerTestCase@5a676437]" name="tearDown" is-config="true" duration-ms="0" started-at="2012-10-25T11:25:05Z" finished-at="2012-10-25T11:25:05Z">
        </test-method>
      </class>
    </test>
  </suite>
</testng-results>
