<?xml version="1.0" encoding="UTF-8" ?>
<testsuite failures="0" time="5.655" errors="0" skipped="0" tests="6" name="TestSuite">
  <properties>
[...]
</properties>
  <testcase time="0.035" classname="com.collective.usertests.persistence.configuration.ConfigurationManagerTestCase" name="testConfiguration"/>
  <testcase time="3.194" classname="com.collective.usertests.persistence.dao.ReasonDaoTestCase" name="shouldTestCRUD"/>
  <testcase time="0.028" classname="com.collective.usertests.persistence.dao.ReasonDaoTestCase" name="shouldTestSelectAll"/>
  <testcase time="0.752" classname="com.collective.usertests.persistence.dao.UserFeedbackTestCase" name="getAllUserFeedbackByUserId"/>
  <testcase time="0.126" classname="com.collective.usertests.persistence.dao.UserFeedbackTestCase" name="shouldTestCRUD"/>
  <testcase time="0.111" classname="com.collective.usertests.persistence.dao.UserFeedbackTestCase" name="shouldTestIncompleteObjectInsert"/>
</testsuite>